1715462168484|DCVM Cyclic Barrier up and running!
1715462170389|DCVM Cyclic Barrier accepts: JVM_URI_2 localhost 56033
1715462170391|DCVM Cyclic Barrier has received 1 out of 5 expected.
1715462170468|DCVM Cyclic Barrier accepts: JVM_URI_1 localhost 56034
1715462170469|DCVM Cyclic Barrier has received 2 out of 5 expected.
1715462170798|DCVM Cyclic Barrier accepts: JVM_URI_3 localhost 56035
1715462170799|DCVM Cyclic Barrier has received 3 out of 5 expected.
1715462171067|DCVM Cyclic Barrier accepts: JVM_URI_4 localhost 56036
1715462171068|DCVM Cyclic Barrier has received 4 out of 5 expected.
1715462171262|All connected!
1715462171291|DCVM Cyclic Barrier accepts: JVM_URI_5 localhost 56037
1715462171292|DCVM Cyclic Barrier has received 5 out of 5 expected.
1715462171292|DCVM Cyclic Barrier releases 5 sites.
1715462171308|DCVM Cyclic Barrier accepts: JVM_URI_1 localhost 56034
1715462171344|DCVM Cyclic Barrier has received 1 out of 5 expected.
1715462171506|DCVM Cyclic Barrier accepts: JVM_URI_4 localhost 56036
1715462171507|DCVM Cyclic Barrier has received 2 out of 5 expected.
1715462171511|DCVM Cyclic Barrier accepts: JVM_URI_5 localhost 56037
1715462171514|DCVM Cyclic Barrier has received 3 out of 5 expected.
1715462171519|DCVM Cyclic Barrier accepts: JVM_URI_2 localhost 56033
1715462171520|DCVM Cyclic Barrier has received 4 out of 5 expected.
1715462171529|DCVM Cyclic Barrier accepts: JVM_URI_3 localhost 56035
1715462171531|DCVM Cyclic Barrier has received 5 out of 5 expected.
1715462171531|DCVM Cyclic Barrier releases 5 sites.
1715462174759|DCVM Cyclic Barrier accepts: JVM_URI_1 localhost 56034
1715462174761|DCVM Cyclic Barrier has received 1 out of 5 expected.
1715462177453|DCVM Cyclic Barrier accepts: JVM_URI_2 localhost 56033
1715462177453|DCVM Cyclic Barrier has received 2 out of 5 expected.
1715462177521|DCVM Cyclic Barrier accepts: JVM_URI_5 localhost 56037
1715462177522|DCVM Cyclic Barrier has received 3 out of 5 expected.
1715462178519|DCVM Cyclic Barrier accepts: JVM_URI_4 localhost 56036
1715462178521|DCVM Cyclic Barrier has received 4 out of 5 expected.
1715462178632|DCVM Cyclic Barrier accepts: JVM_URI_3 localhost 56035
1715462178634|DCVM Cyclic Barrier has received 5 out of 5 expected.
1715462178634|DCVM Cyclic Barrier releases 5 sites.
1715462178635|DCVM Cyclic Barrier accepts: JVM_URI_3 localhost 56035
1715462178636|DCVM Cyclic Barrier accepts: JVM_URI_2 localhost 56033
1715462178636|DCVM Cyclic Barrier accepts: JVM_URI_1 localhost 56034
1715462178637|DCVM Cyclic Barrier accepts: JVM_URI_5 localhost 56037
1715462178638|DCVM Cyclic Barrier has received 1 out of 5 expected.
1715462178640|DCVM Cyclic Barrier has received 2 out of 5 expected.
1715462178640|DCVM Cyclic Barrier accepts: JVM_URI_4 localhost 56036
1715462178640|DCVM Cyclic Barrier has received 3 out of 5 expected.
1715462178642|DCVM Cyclic Barrier has received 4 out of 5 expected.
1715462178647|DCVM Cyclic Barrier has received 5 out of 5 expected.
1715462178647|DCVM Cyclic Barrier releases 5 sites.
1715462178701|DCVM Cyclic Barrier accepts: JVM_URI_1 localhost 56034
1715462178701|DCVM Cyclic Barrier has received 1 out of 5 expected.
1715462178761|DCVM Cyclic Barrier accepts: JVM_URI_2 localhost 56033
1715462178761|DCVM Cyclic Barrier accepts: JVM_URI_5 localhost 56037
1715462178762|DCVM Cyclic Barrier has received 2 out of 5 expected.
1715462178762|DCVM Cyclic Barrier has received 3 out of 5 expected.
1715462178769|DCVM Cyclic Barrier accepts: JVM_URI_4 localhost 56036
1715462178771|DCVM Cyclic Barrier has received 4 out of 5 expected.
1715462178775|DCVM Cyclic Barrier accepts: JVM_URI_3 localhost 56035
1715462178779|DCVM Cyclic Barrier has received 5 out of 5 expected.
1715462178779|DCVM Cyclic Barrier releases 5 sites.
1715462208792|DCVM Cyclic Barrier accepts: JVM_URI_3 localhost 56035
1715462208792|DCVM Cyclic Barrier has received 1 out of 5 expected.
1715462208793|DCVM Cyclic Barrier accepts: JVM_URI_2 localhost 56033
1715462208793|DCVM Cyclic Barrier has received 2 out of 5 expected.
1715462208802|DCVM Cyclic Barrier accepts: JVM_URI_4 localhost 56036
1715462208803|DCVM Cyclic Barrier has received 3 out of 5 expected.
1715462208812|DCVM Cyclic Barrier accepts: JVM_URI_5 localhost 56037
1715462208813|DCVM Cyclic Barrier has received 4 out of 5 expected.
1715462209285|DCVM Cyclic Barrier accepts: JVM_URI_1 localhost 56034
1715462209285|DCVM Cyclic Barrier has received 5 out of 5 expected.
1715462209285|DCVM Cyclic Barrier releases 5 sites.
1715462209457|DCVM Cyclic Barrier accepts: JVM_URI_4 localhost 56036
1715462209457|DCVM Cyclic Barrier has received 1 out of 5 expected.
1715462209654|DCVM Cyclic Barrier accepts: JVM_URI_3 localhost 56035
1715462209655|DCVM Cyclic Barrier has received 2 out of 5 expected.
1715462209668|DCVM Cyclic Barrier accepts: JVM_URI_5 localhost 56037
1715462209669|DCVM Cyclic Barrier has received 3 out of 5 expected.
1715462209707|DCVM Cyclic Barrier accepts: JVM_URI_2 localhost 56033
1715462209707|DCVM Cyclic Barrier accepts: JVM_URI_1 localhost 56034
1715462209708|DCVM Cyclic Barrier has received 4 out of 5 expected.
1715462209709|DCVM Cyclic Barrier has received 5 out of 5 expected.
1715462209709|DCVM Cyclic Barrier releases 5 sites.
1715462211783|DCVM Cyclic Barrier accepts: JVM_URI_1 localhost 56034
1715462211784|DCVM Cyclic Barrier has received 1 out of 5 expected.
1715462212390|DCVM Cyclic Barrier accepts: JVM_URI_2 localhost 56033
1715462212392|DCVM Cyclic Barrier has received 2 out of 5 expected.
1715462212458|DCVM Cyclic Barrier accepts: JVM_URI_3 localhost 56035
1715462212458|DCVM Cyclic Barrier has received 3 out of 5 expected.
1715462212472|DCVM Cyclic Barrier accepts: JVM_URI_4 localhost 56036
1715462212473|DCVM Cyclic Barrier has received 4 out of 5 expected.
1715462212496|DCVM Cyclic Barrier accepts: JVM_URI_5 localhost 56037
1715462212497|DCVM Cyclic Barrier has received 5 out of 5 expected.
1715462212497|DCVM Cyclic Barrier releases 5 sites.
1715462212501|DCVMCyclicBarrier.run() finished.
1715462212502|DCVMCyclicBarrier.run() finished.
1715462212502|DCVMCyclicBarrier.run() finished.
1715462212502|DCVMCyclicBarrier.run() finished.
1715462212502|DCVMCyclicBarrier.run() finished.
1715462212502|DCVM Cyclic Barrier shuts down!
